2016-10-24 11:43:48
Request for /article/580cd3ba7a5a3798f27a3209 received.
From:2016-10-24 11:43:48
Request for /favicon.ico received.
From:2016-10-24 11:44:23
Request for /article/580cd3ba7a5a3798f27a3209 received.
From:
2016-10-24 11:44:23
Request for /favicon.ico received.
From:
2016-10-24 11:44:59
Request for /1 received.
From:
2016-10-24 11:44:59
Request for /favicon.ico received.
From:
2016-10-24 11:45:03
Request for / received.
From:::1
2016-10-24 11:45:04
Request for /favicon.ico received.
From:
2016-10-25 09:47:31
Request for / received.
From:
2016-10-25 09:47:31
Request for /favicon.ico received.
From:
2016-10-25 09:50:15
Request for / received.
From:
2016-10-25 09:50:16
Request for /favicon.ico received.
From:
2016-10-25 09:50:18
Request for / received.
From:
2016-10-25 09:50:18
Request for /favicon.ico received.
From:
2016-10-25 09:56:15
Request for / received.
From:
2016-10-25 09:56:15
Request for /favicon.ico received.
From:
2016-11-01 08:49:58
Request for / received.
From:
2016-11-01 08:49:59
Request for /favicon.ico received.
From:
2016-11-01 08:50:08
Request for / received.
From:
2016-11-01 08:50:09
Request for /favicon.ico received.
From:
2016-11-01 08:52:15
Request for / received.
From:
2016-11-01 08:52:16
Request for /favicon.ico received.
From:
2016-11-01 09:01:09
Request for / received.
From:
2016-11-01 09:01:10
Request for /favicon.ico received.
From:
2016-11-01 09:01:11
Request for / received.
From:
2016-11-01 09:01:11
Request for /favicon.ico received.
From:
2016-11-01 09:04:39
Request for / received.
From:
2016-11-01 09:04:39
Request for /favicon.ico received.
From:
2016-11-01 09:04:43
Request for / received.
From:
2016-11-01 09:04:43
Request for /favicon.ico received.
From:
2016-11-01 09:04:46
Request for / received.
From:
2016-11-01 09:04:47
Request for /favicon.ico received.
From:
2016-11-01 09:04:51
Request for / received.
From:
2016-11-01 09:04:51
Request for /favicon.ico received.
From:
2016-11-01 09:06:26
Request for / received.
From:
2016-11-01 09:06:26
Request for /favicon.ico received.
From:
2016-11-01 09:06:28
Request for / received.
From:
2016-11-01 09:06:28
Request for /favicon.ico received.
From:
2016-11-01 09:06:32
Request for / received.
From:
2016-11-01 09:06:32
Request for /favicon.ico received.
From:
2016-11-01 09:07:13
Request for / received.
From:
2016-11-01 09:07:13
Request for /favicon.ico received.
From:
2016-11-01 09:07:14
Request for / received.
From:
2016-11-01 09:07:14
Request for /favicon.ico received.
From:
2016-11-01 09:11:20
Request for / received.
From:
2016-11-01 09:11:20
Request for /favicon.ico received.
From:
2016-11-01 09:11:21
Request for / received.
From:
2016-11-01 09:11:21
Request for /favicon.ico received.
From:
2016-11-01 09:14:45
Request for / received.
From:
2016-11-01 09:14:46
Request for /favicon.ico received.
From:
